#
# There is insufficient memory for the Java Runtime Environment to continue.
# Native memory allocation (mmap) failed to map 132120576 bytes for committing reserved memory.
# Possible reasons:
#   The system is out of physical RAM or swap space
#   In 32 bit mode, the process size limit was hit
# Possible solutions:
#   Reduce memory load on the system
#   Increase physical memory or swap space
#   Check if swap backing store is full
#   Use 64 bit Java on a 64 bit OS
#   Decrease Java heap size (-Xmx/-Xms)
#   Decrease number of Java threads
#   Decrease Java thread stack sizes (-Xss)
#   Set larger code cache with -XX:ReservedCodeCacheSize=
# This output file may be truncated or incomplete.
#
#  Out of Memory Error (os_linux.cpp:2643), pid=27224, tid=0x00007fa9856b0700
#
# JRE version: OpenJDK Runtime Environment (8.0_151-b12) (build 1.8.0_151-8u151-b12-0ubuntu0.16.04.2-b12)
# Java VM: OpenJDK 64-Bit Server VM (25.151-b12 mixed mode linux-amd64 compressed oops)
# Failed to write core dump. Core dumps have been disabled. To enable core dumping, try "ulimit -c unlimited" before starting Java again
#

---------------  T H R E A D  ---------------

Current thread (0x00007fa998077000):  VMThread [stack: 0x00007fa9855b0000,0x00007fa9856b1000] [id=27233]

Stack: [0x00007fa9855b0000,0x00007fa9856b1000],  sp=0x00007fa9856af4c0,  free space=1021k
Native frames: (J=compiled Java code, j=interpreted, Vv=VM code, C=native code)
V  [libjvm.so+0xa684eb]
V  [libjvm.so+0x4c579c]
V  [libjvm.so+0x8b6b50]
V  [libjvm.so+0x8b0fce]
V  [libjvm.so+0x92b806]
V  [libjvm.so+0x92cb33]
V  [libjvm.so+0x9291fb]
V  [libjvm.so+0x9294ac]
V  [libjvm.so+0x8db3c3]
V  [libjvm.so+0xa6a192]
V  [libjvm.so+0xa6f277]
V  [libjvm.so+0xa6ca47]
V  [libjvm.so+0xa6decf]
V  [libjvm.so+0xa6e3c1]
V  [libjvm.so+0x8b4032]

VM_Operation (0x00007fa99f408760): ParallelGCFailedAllocation, mode: safepoint, requested by thread 0x00007fa99800a000


---------------  P R O C E S S  ---------------

Java Threads: ( => current thread )
  0x00007fa9980ba000 JavaThread "Service Thread" daemon [_thread_blocked, id=27240, stack(0x00007fa984aa0000,0x00007fa984ba1000)]
  0x00007fa9980b2800 JavaThread "C1 CompilerThread2" daemon [_thread_blocked, id=27239, stack(0x00007fa984ba1000,0x00007fa984ca2000)]
  0x00007fa9980b1000 JavaThread "C2 CompilerThread1" daemon [_thread_blocked, id=27238, stack(0x00007fa984ca2000,0x00007fa984da3000)]
  0x00007fa9980ae000 JavaThread "C2 CompilerThread0" daemon [_thread_in_native, id=27237, stack(0x00007fa984da3000,0x00007fa984ea4000)]
  0x00007fa9980ac000 JavaThread "Signal Dispatcher" daemon [_thread_blocked, id=27236, stack(0x00007fa984ea4000,0x00007fa984fa5000)]
  0x00007fa998083800 JavaThread "Finalizer" daemon [_thread_blocked, id=27235, stack(0x00007fa9853ae000,0x00007fa9854af000)]
  0x00007fa99807f000 JavaThread "Reference Handler" daemon [_thread_blocked, id=27234, stack(0x00007fa9854af000,0x00007fa9855b0000)]
  0x00007fa99800a000 JavaThread "main" [_thread_blocked, id=27226, stack(0x00007fa99f309000,0x00007fa99f40a000)]

Other Threads:
=>0x00007fa998077000 VMThread [stack: 0x00007fa9855b0000,0x00007fa9856b1000] [id=27233]
  0x00007fa9980bc800 WatcherThread [stack: 0x00007fa98499f000,0x00007fa984aa0000] [id=27241]

VM state:at safepoint (normal execution)

VM Mutex/Monitor currently owned by a thread:  ([mutex/lock_event])
[0x00007fa998006110] Threads_lock - owner thread: 0x00007fa998077000
[0x00007fa998006610] Heap_lock - owner thread: 0x00007fa99800a000

Heap:
 PSYoungGen      total 139264K, used 10208K [0x000000076d000000, 0x0000000776200000, 0x00000007c0000000)
  eden space 129024K, 0% used [0x000000076d000000,0x000000076d000000,0x0000000774e00000)
  from space 10240K, 99% used [0x0000000774e00000,0x00000007757f8020,0x0000000775800000)
  to   space 10240K, 0% used [0x0000000775800000,0x0000000775800000,0x0000000776200000)
 ParOldGen       total 171008K, used 26240K [0x00000006c7000000, 0x00000006d1700000, 0x000000076d000000)
  object space 171008K, 15% used [0x00000006c7000000,0x00000006c89a0000,0x00000006d1700000)
 Metaspace       used 3330K, capacity 4564K, committed 4864K, reserved 1056768K
  class space    used 368K, capacity 388K, committed 512K, reserved 1048576K

Card table byte_map: [0x00007fa98805c000,0x00007fa988825000] byte_map_base: 0x00007fa984a24000

Marking Bits: (ParMarkBitMap*) 0x00007fa99e5d82c0
 Begin Bits: [0x00007fa968380000, 0x00007fa96c1c0000)
 End Bits:   [0x00007fa96c1c0000, 0x00007fa970000000)

Polling page: 0x00007fa99f42c000

CodeCache: size=245760Kb used=1225Kb max_used=1237Kb free=244534Kb
 bounds [0x00007fa988be5000, 0x00007fa988e55000, 0x00007fa997be5000]
 total_blobs=326 nmethods=84 adapters=157
 compilation: enabled

Compilation events (10 events):
Event: 7,692 Thread 0x00007fa9980b1000   81       4       java.lang.AbstractStringBuilder::append (50 bytes)
Event: 7,703 Thread 0x00007fa9980b1000 nmethod 81 0x00007fa988d19510 code [0x00007fa988d19680, 0x00007fa988d19ad8]
Event: 7,703 Thread 0x00007fa9980b1000   82       4       java.lang.String::getChars (62 bytes)
Event: 7,706 Thread 0x00007fa9980b1000 nmethod 82 0x00007fa988d10cd0 code [0x00007fa988d10e20, 0x00007fa988d10f98]
Event: 7,824 Thread 0x00007fa9980b1000   83       4       java.util.Arrays::copyOfRange (63 bytes)
Event: 7,828 Thread 0x00007fa9980b1000 nmethod 83 0x00007fa988d14d90 code [0x00007fa988d14ee0, 0x00007fa988d150f8]
Event: 7,828 Thread 0x00007fa9980b1000   84       4       java.lang.String::<init> (82 bytes)
Event: 7,871 Thread 0x00007fa9980b1000 nmethod 84 0x00007fa988d19e50 code [0x00007fa988d19fc0, 0x00007fa988d1a2f8]
Event: 7,875 Thread 0x00007fa9980b1000   85       4       utilities.SuperBuilder::append (26 bytes)
Event: 7,879 Thread 0x00007fa9980b1000 nmethod 85 0x00007fa988d1a510 code [0x00007fa988d1a660, 0x00007fa988d1a8f8]

GC Heap History (5 events):
Event: 7,716 GC heap before
{Heap before GC invocations=1 (full 0):
 PSYoungGen      total 74752K, used 64512K [0x000000076d000000, 0x0000000772300000, 0x00000007c0000000)
  eden space 64512K, 100% used [0x000000076d000000,0x0000000770f00000,0x0000000770f00000)
  from space 10240K, 0% used [0x0000000771900000,0x0000000771900000,0x0000000772300000)
  to   space 10240K, 0% used [0x0000000770f00000,0x0000000770f00000,0x0000000771900000)
 ParOldGen       total 171008K, used 0K [0x00000006c7000000, 0x00000006d1700000, 0x000000076d000000)
  object space 171008K, 0% used [0x00000006c7000000,0x00000006c7000000,0x00000006d1700000)
 Metaspace       used 3330K, capacity 4564K, committed 4864K, reserved 1056768K
  class space    used 368K, capacity 388K, committed 512K, reserved 1048576K
Event: 7,813 GC heap after
Heap after GC invocations=1 (full 0):
 PSYoungGen      total 74752K, used 10224K [0x000000076d000000, 0x0000000776200000, 0x00000007c0000000)
  eden space 64512K, 0% used [0x000000076d000000,0x000000076d000000,0x0000000770f00000)
  from space 10240K, 99% used [0x0000000770f00000,0x00000007718fc010,0x0000000771900000)
  to   space 10240K, 0% used [0x0000000775800000,0x0000000775800000,0x0000000776200000)
 ParOldGen       total 171008K, used 26176K [0x00000006c7000000, 0x00000006d1700000, 0x000000076d000000)
  object space 171008K, 15% used [0x00000006c7000000,0x00000006c8990000,0x00000006d1700000)
 Metaspace       used 3330K, capacity 4564K, committed 4864K, reserved 1056768K
  class space    used 368K, capacity 388K, committed 512K, reserved 1048576K
}
Event: 7,830 GC heap before
{Heap before GC invocations=2 (full 0):
 PSYoungGen      total 74752K, used 74736K [0x000000076d000000, 0x0000000776200000, 0x00000007c0000000)
  eden space 64512K, 100% used [0x000000076d000000,0x0000000770f00000,0x0000000770f00000)
  from space 10240K, 99% used [0x0000000770f00000,0x00000007718fc010,0x0000000771900000)
  to   space 10240K, 0% used [0x0000000775800000,0x0000000775800000,0x0000000776200000)
 ParOldGen       total 171008K, used 26176K [0x00000006c7000000, 0x00000006d1700000, 0x000000076d000000)
  object space 171008K, 15% used [0x00000006c7000000,0x00000006c8990000,0x00000006d1700000)
 Metaspace       used 3330K, capacity 4564K, committed 4864K, reserved 1056768K
  class space    used 368K, capacity 388K, committed 512K, reserved 1048576K
Event: 7,868 GC heap after
Heap after GC invocations=2 (full 0):
 PSYoungGen      total 139264K, used 10208K [0x000000076d000000, 0x0000000776200000, 0x00000007c0000000)
  eden space 129024K, 0% used [0x000000076d000000,0x000000076d000000,0x0000000774e00000)
  from space 10240K, 99% used [0x0000000775800000,0x00000007761f8020,0x0000000776200000)
  to   space 10240K, 0% used [0x0000000774e00000,0x0000000774e00000,0x0000000775800000)
 ParOldGen       total 171008K, used 26232K [0x00000006c7000000, 0x00000006d1700000, 0x000000076d000000)
  object space 171008K, 15% used [0x00000006c7000000,0x00000006c899e000,0x00000006d1700000)
 Metaspace       used 3330K, capacity 4564K, committed 4864K, reserved 1056768K
  class space    used 368K, capacity 388K, committed 512K, reserved 1048576K
}
Event: 7,980 GC heap before
{Heap before GC invocations=3 (full 0):
 PSYoungGen      total 139264K, used 139232K [0x000000076d000000, 0x0000000776200000, 0x00000007c0000000)
  eden space 129024K, 100% used [0x000000076d000000,0x0000000774e00000,0x0000000774e00000)
  from space 10240K, 99% used [0x0000000775800000,0x00000007761f8020,0x0000000776200000)
  to   space 10240K, 0% used [0x0000000774e00000,0x0000000774e00000,0x0000000775800000)
 ParOldGen       total 171008K, used 26232K [0x00000006c7000000, 0x00000006d1700000, 0x000000076d000000)
  object space 171008K, 15% used [0x00000006c7000000,0x00000006c899e000,0x00000006d1700000)
 Metaspace       used 3330K, capacity 4564K, committed 4864K, reserved 1056768K
  class space    used 368K, capacity 388K, committed 512K, reserved 1048576K

Deoptimization events (2 events):
Event: 7,454 Thread 0x00007fa99800a000 Uncommon trap: reason=unstable_if action=reinterpret pc=0x00007fa988d09548 method=game.Gamefield.generateField()V @ 11
Event: 7,621 Thread 0x00007fa99800a000 Uncommon trap: reason=predicate action=maybe_recompile pc=0x00007fa988d107fc method=game.Gamefield.setValue(Lgame/Square;II)V @ 21

Internal exceptions (8 events):
Event: 0,132 Thread 0x00007fa99800a000 Exception <a 'java/lang/NoSuchMethodError': Method sun.misc.Unsafe.defineClass(Ljava/lang/String;[BII)Ljava/lang/Class; name or signature does not match> (0x000000076d007ca8) thrown at [/build/openjdk-8-W2Qe27/openjdk-8-8u151-b12/src/hotspot/src/share/vm/
Event: 0,132 Thread 0x00007fa99800a000 Exception <a 'java/lang/NoSuchMethodError': Method sun.misc.Unsafe.prefetchRead(Ljava/lang/Object;J)V name or signature does not match> (0x000000076d007f90) thrown at [/build/openjdk-8-W2Qe27/openjdk-8-8u151-b12/src/hotspot/src/share/vm/prims/jni.cpp, lin
Event: 0,412 Thread 0x00007fa99800a000 Exception <a 'java/security/PrivilegedActionException'> (0x000000076d098af8) thrown at [/build/openjdk-8-W2Qe27/openjdk-8-8u151-b12/src/hotspot/src/share/vm/prims/jvm.cpp, line 1390]
Event: 0,412 Thread 0x00007fa99800a000 Exception <a 'java/security/PrivilegedActionException'> (0x000000076d098ef0) thrown at [/build/openjdk-8-W2Qe27/openjdk-8-8u151-b12/src/hotspot/src/share/vm/prims/jvm.cpp, line 1390]
Event: 0,413 Thread 0x00007fa99800a000 Exception <a 'java/security/PrivilegedActionException'> (0x000000076d09b160) thrown at [/build/openjdk-8-W2Qe27/openjdk-8-8u151-b12/src/hotspot/src/share/vm/prims/jvm.cpp, line 1390]
Event: 0,413 Thread 0x00007fa99800a000 Exception <a 'java/security/PrivilegedActionException'> (0x000000076d09b558) thrown at [/build/openjdk-8-W2Qe27/openjdk-8-8u151-b12/src/hotspot/src/share/vm/prims/jvm.cpp, line 1390]
Event: 0,413 Thread 0x00007fa99800a000 Exception <a 'java/security/PrivilegedActionException'> (0x000000076d09c218) thrown at [/build/openjdk-8-W2Qe27/openjdk-8-8u151-b12/src/hotspot/src/share/vm/prims/jvm.cpp, line 1390]
Event: 0,413 Thread 0x00007fa99800a000 Exception <a 'java/security/PrivilegedActionException'> (0x000000076d09c610) thrown at [/build/openjdk-8-W2Qe27/openjdk-8-8u151-b12/src/hotspot/src/share/vm/prims/jvm.cpp, line 1390]

Events (10 events):
Event: 7,813 Executing VM operation: ParallelGCFailedAllocation done
Event: 7,820 Executing VM operation: RevokeBias
Event: 7,823 Executing VM operation: RevokeBias done
Event: 7,823 Executing VM operation: RevokeBias
Event: 7,823 Executing VM operation: RevokeBias done
Event: 7,823 Executing VM operation: RevokeBias
Event: 7,823 Executing VM operation: RevokeBias done
Event: 7,830 Executing VM operation: ParallelGCFailedAllocation
Event: 7,868 Executing VM operation: ParallelGCFailedAllocation done
Event: 7,980 Executing VM operation: ParallelGCFailedAllocation


Dynamic libraries:
00400000-00401000 r-xp 00000000 103:05 5253356                           /usr/lib/jvm/java-8-openjdk-amd64/jre/bin/java
00600000-00601000 r--p 00000000 103:05 5253356                           /usr/lib/jvm/java-8-openjdk-amd64/jre/bin/java
00601000-00602000 rw-p 00001000 103:05 5253356                           /usr/lib/jvm/java-8-openjdk-amd64/jre/bin/java
01a86000-01aa7000 rw-p 00000000 00:00 0                                  [heap]
6c7000000-6d1700000 rw-p 00000000 00:00 0 
6d1700000-76d000000 ---p 00000000 00:00 0 
76d000000-776200000 rw-p 00000000 00:00 0 
77e000000-7c0000000 ---p 00000000 00:00 0 
7c0000000-7c0080000 rw-p 00000000 00:00 0 
7c0080000-800000000 ---p 00000000 00:00 0 
7fa944000000-7fa944021000 rw-p 00000000 00:00 0 
7fa944021000-7fa948000000 ---p 00000000 00:00 0 
7fa948000000-7fa948021000 rw-p 00000000 00:00 0 
7fa948021000-7fa94c000000 ---p 00000000 00:00 0 
7fa94c000000-7fa94c1bb000 rw-p 00000000 00:00 0 
7fa94c1bb000-7fa950000000 ---p 00000000 00:00 0 
7fa950000000-7fa950052000 rw-p 00000000 00:00 0 
7fa950052000-7fa954000000 ---p 00000000 00:00 0 
7fa954000000-7fa954021000 rw-p 00000000 00:00 0 
7fa954021000-7fa958000000 ---p 00000000 00:00 0 
7fa958000000-7fa9585ae000 rw-p 00000000 00:00 0 
7fa9585ae000-7fa95c000000 ---p 00000000 00:00 0 
7fa95c000000-7fa95c021000 rw-p 00000000 00:00 0 
7fa95c021000-7fa960000000 ---p 00000000 00:00 0 
7fa960000000-7fa960021000 rw-p 00000000 00:00 0 
7fa960021000-7fa964000000 ---p 00000000 00:00 0 
7fa964000000-7fa964021000 rw-p 00000000 00:00 0 
7fa964021000-7fa968000000 ---p 00000000 00:00 0 
7fa968380000-7fa970000000 rw-p 00000000 00:00 0 
7fa970000000-7fa970021000 rw-p 00000000 00:00 0 
7fa970021000-7fa974000000 ---p 00000000 00:00 0 
7fa974000000-7fa974021000 rw-p 00000000 00:00 0 
7fa974021000-7fa978000000 ---p 00000000 00:00 0 
7fa978000000-7fa978021000 rw-p 00000000 00:00 0 
7fa978021000-7fa97c000000 ---p 00000000 00:00 0 
7fa980000000-7fa980021000 rw-p 00000000 00:00 0 
7fa980021000-7fa984000000 ---p 00000000 00:00 0 
7fa9848d3000-7fa984969000 r--s 008d7000 103:05 7211017                   /usr/share/java/openjfx/jre/lib/ext/jfxrt.jar
7fa984969000-7fa984984000 r--s 00394000 103:05 5665052                   /usr/lib/jvm/java-8-openjdk-amd64/jre/lib/ext/cldrdata.jar
7fa984984000-7fa98499f000 r--s 001d6000 103:05 5665054                   /usr/lib/jvm/java-8-openjdk-amd64/jre/lib/ext/nashorn.jar
7fa98499f000-7fa9849a0000 ---p 00000000 00:00 0 
7fa9849a0000-7fa984aa0000 rw-p 00000000 00:00 0 
7fa984aa0000-7fa984aa3000 ---p 00000000 00:00 0 
7fa984aa3000-7fa984ba1000 rw-p 00000000 00:00 0 
7fa984ba1000-7fa984ba4000 ---p 00000000 00:00 0 
7fa984ba4000-7fa984ca2000 rw-p 00000000 00:00 0 
7fa984ca2000-7fa984ca5000 ---p 00000000 00:00 0 
7fa984ca5000-7fa984da3000 rw-p 00000000 00:00 0 
7fa984da3000-7fa984da6000 ---p 00000000 00:00 0 
7fa984da6000-7fa984ea4000 rw-p 00000000 00:00 0 
7fa984ea4000-7fa984ea7000 ---p 00000000 00:00 0 
7fa984ea7000-7fa984fa5000 rw-p 00000000 00:00 0 
7fa984fa5000-7fa9853ae000 r--p 00000000 103:05 3937481                   /usr/lib/locale/locale-archive
7fa9853ae000-7fa9853b1000 ---p 00000000 00:00 0 
7fa9853b1000-7fa9854af000 rw-p 00000000 00:00 0 
7fa9854af000-7fa9854b2000 ---p 00000000 00:00 0 
7fa9854b2000-7fa9855b0000 rw-p 00000000 00:00 0 
7fa9855b0000-7fa9855b1000 ---p 00000000 00:00 0 
7fa9855b1000-7fa986692000 rw-p 00000000 00:00 0 
7fa986692000-7fa986861000 r--s 03c21000 103:05 5381611                   /usr/lib/jvm/java-8-openjdk-amd64/jre/lib/rt.jar
7fa986861000-7fa986ca1000 rw-p 00000000 00:00 0 
7fa986ca1000-7fa987061000 ---p 00000000 00:00 0 
7fa987061000-7fa987829000 rw-p 00000000 00:00 0 
7fa987829000-7fa98782a000 ---p 00000000 00:00 0 
7fa98782a000-7fa98792a000 rw-p 00000000 00:00 0 
7fa98792a000-7fa98792b000 ---p 00000000 00:00 0 
7fa98792b000-7fa987a2b000 rw-p 00000000 00:00 0 
7fa987a2b000-7fa987a2c000 ---p 00000000 00:00 0 
7fa987a2c000-7fa987b80000 rw-p 00000000 00:00 0 
7fa987b80000-7fa98805c000 ---p 00000000 00:00 0 
7fa98805c000-7fa9880b0000 rw-p 00000000 00:00 0 
7fa9880b0000-7fa98858c000 ---p 00000000 00:00 0 
7fa98858c000-7fa9885d5000 rw-p 00000000 00:00 0 
7fa9885d5000-7fa988824000 ---p 00000000 00:00 0 
7fa988824000-7fa98882f000 rw-p 00000000 00:00 0 
7fa98882f000-7fa988be5000 ---p 00000000 00:00 0 
7fa988be5000-7fa988e55000 rwxp 00000000 00:00 0 
7fa988e55000-7fa997be5000 ---p 00000000 00:00 0 
7fa997be5000-7fa997bed000 r-xp 00000000 103:05 6297387                   /usr/lib/jvm/java-8-openjdk-amd64/jre/lib/amd64/libzip.so
7fa997bed000-7fa997dec000 ---p 00008000 103:05 6297387                   /usr/lib/jvm/java-8-openjdk-amd64/jre/lib/amd64/libzip.so
7fa997dec000-7fa997ded000 r--p 00007000 103:05 6297387                   /usr/lib/jvm/java-8-openjdk-amd64/jre/lib/amd64/libzip.so
7fa997ded000-7fa997dee000 rw-p 00008000 103:05 6297387                   /usr/lib/jvm/java-8-openjdk-amd64/jre/lib/amd64/libzip.so
7fa997dee000-7fa997df9000 r-xp 00000000 103:05 266954                    /lib/x86_64-linux-gnu/libnss_files-2.23.so
7fa997df9000-7fa997ff8000 ---p 0000b000 103:05 266954                    /lib/x86_64-linux-gnu/libnss_files-2.23.so
7fa997ff8000-7fa997ff9000 r--p 0000a000 103:05 266954                    /lib/x86_64-linux-gnu/libnss_files-2.23.so
7fa997ff9000-7fa997ffa000 rw-p 0000b000 103:05 266954                    /lib/x86_64-linux-gnu/libnss_files-2.23.so
7fa997ffa000-7fa998000000 rw-p 00000000 00:00 0 
7fa998000000-7fa99818e000 rw-p 00000000 00:00 0 
7fa99818e000-7fa99c000000 ---p 00000000 00:00 0 
7fa99c008000-7fa99c09f000 rw-p 00000000 00:00 0 
7fa99c09f000-7fa99c0a0000 ---p 00000000 00:00 0 
7fa99c0a0000-7fa99c1a0000 rw-p 00000000 00:00 0 
7fa99c1a0000-7fa99c1ab000 r-xp 00000000 103:05 266958                    /lib/x86_64-linux-gnu/libnss_nis-2.23.so
7fa99c1ab000-7fa99c3aa000 ---p 0000b000 103:05 266958                    /lib/x86_64-linux-gnu/libnss_nis-2.23.so
7fa99c3aa000-7fa99c3ab000 r--p 0000a000 103:05 266958                    /lib/x86_64-linux-gnu/libnss_nis-2.23.so
7fa99c3ab000-7fa99c3ac000 rw-p 0000b000 103:05 266958                    /lib/x86_64-linux-gnu/libnss_nis-2.23.so
7fa99c3ac000-7fa99c3c2000 r-xp 00000000 103:05 266760                    /lib/x86_64-linux-gnu/libnsl-2.23.so
7fa99c3c2000-7fa99c5c1000 ---p 00016000 103:05 266760                    /lib/x86_64-linux-gnu/libnsl-2.23.so
7fa99c5c1000-7fa99c5c2000 r--p 00015000 103:05 266760                    /lib/x86_64-linux-gnu/libnsl-2.23.so
7fa99c5c2000-7fa99c5c3000 rw-p 00016000 103:05 266760                    /lib/x86_64-linux-gnu/libnsl-2.23.so
7fa99c5c3000-7fa99c5c5000 rw-p 00000000 00:00 0 
7fa99c5c5000-7fa99c5cd000 r-xp 00000000 103:05 266949                    /lib/x86_64-linux-gnu/libnss_compat-2.23.so
7fa99c5cd000-7fa99c7cc000 ---p 00008000 103:05 266949                    /lib/x86_64-linux-gnu/libnss_compat-2.23.so
7fa99c7cc000-7fa99c7cd000 r--p 00007000 103:05 266949                    /lib/x86_64-linux-gnu/libnss_compat-2.23.so
7fa99c7cd000-7fa99c7ce000 rw-p 00008000 103:05 266949                    /lib/x86_64-linux-gnu/libnss_compat-2.23.so
7fa99c7ce000-7fa99c7fb000 r-xp 00000000 103:05 6297373                   /usr/lib/jvm/java-8-openjdk-amd64/jre/lib/amd64/libjava.so
7fa99c7fb000-7fa99c9fa000 ---p 0002d000 103:05 6297373                   /usr/lib/jvm/java-8-openjdk-amd64/jre/lib/amd64/libjava.so
7fa99c9fa000-7fa99c9fb000 r--p 0002c000 103:05 6297373                   /usr/lib/jvm/java-8-openjdk-amd64/jre/lib/amd64/libjava.so
7fa99c9fb000-7fa99c9fd000 rw-p 0002d000 103:05 6297373                   /usr/lib/jvm/java-8-openjdk-amd64/jre/lib/amd64/libjava.so
7fa99c9fd000-7fa99ca0c000 r-xp 00000000 103:05 6297385                   /usr/lib/jvm/java-8-openjdk-amd64/jre/lib/amd64/libverify.so
7fa99ca0c000-7fa99cc0b000 ---p 0000f000 103:05 6297385                   /usr/lib/jvm/java-8-openjdk-amd64/jre/lib/amd64/libverify.so
7fa99cc0b000-7fa99cc0d000 r--p 0000e000 103:05 6297385                   /usr/lib/jvm/java-8-openjdk-amd64/jre/lib/amd64/libverify.so
7fa99cc0d000-7fa99cc0e000 rw-p 00010000 103:05 6297385                   /usr/lib/jvm/java-8-openjdk-amd64/jre/lib/amd64/libverify.so
7fa99cc0e000-7fa99cc15000 r-xp 00000000 103:05 266959                    /lib/x86_64-linux-gnu/librt-2.23.so
7fa99cc15000-7fa99ce14000 ---p 00007000 103:05 266959                    /lib/x86_64-linux-gnu/librt-2.23.so
7fa99ce14000-7fa99ce15000 r--p 00006000 103:05 266959                    /lib/x86_64-linux-gnu/librt-2.23.so
7fa99ce15000-7fa99ce16000 rw-p 00007000 103:05 266959                    /lib/x86_64-linux-gnu/librt-2.23.so
7fa99ce16000-7fa99ce2c000 r-xp 00000000 103:05 266677                    /lib/x86_64-linux-gnu/libgcc_s.so.1
7fa99ce2c000-7fa99d02b000 ---p 00016000 103:05 266677                    /lib/x86_64-linux-gnu/libgcc_s.so.1
7fa99d02b000-7fa99d02c000 rw-p 00015000 103:05 266677                    /lib/x86_64-linux-gnu/libgcc_s.so.1
7fa99d02c000-7fa99d134000 r-xp 00000000 103:05 262170                    /lib/x86_64-linux-gnu/libm-2.23.so
7fa99d134000-7fa99d333000 ---p 00108000 103:05 262170                    /lib/x86_64-linux-gnu/libm-2.23.so
7fa99d333000-7fa99d334000 r--p 00107000 103:05 262170                    /lib/x86_64-linux-gnu/libm-2.23.so
7fa99d334000-7fa99d335000 rw-p 00108000 103:05 262170                    /lib/x86_64-linux-gnu/libm-2.23.so
7fa99d335000-7fa99d4a7000 r-xp 00000000 103:05 3936604                   /usr/lib/x86_64-linux-gnu/libstdc++.so.6.0.21
7fa99d4a7000-7fa99d6a7000 ---p 00172000 103:05 3936604                   /usr/lib/x86_64-linux-gnu/libstdc++.so.6.0.21
7fa99d6a7000-7fa99d6b1000 r--p 00172000 103:05 3936604                   /usr/lib/x86_64-linux-gnu/libstdc++.so.6.0.21
7fa99d6b1000-7fa99d6b3000 rw-p 0017c000 103:05 3936604                   /usr/lib/x86_64-linux-gnu/libstdc++.so.6.0.21
7fa99d6b3000-7fa99d6b7000 rw-p 00000000 00:00 0 
7fa99d6b7000-7fa99e309000 r-xp 00000000 103:05 6428464                   /usr/lib/jvm/java-8-openjdk-amd64/jre/lib/amd64/server/libjvm.so
7fa99e309000-7fa99e509000 ---p 00c52000 103:05 6428464                   /usr/lib/jvm/java-8-openjdk-amd64/jre/lib/amd64/server/libjvm.so
7fa99e509000-7fa99e59c000 r--p 00c52000 103:05 6428464                   /usr/lib/jvm/java-8-openjdk-amd64/jre/lib/amd64/server/libjvm.so
7fa99e59c000-7fa99e5c5000 rw-p 00ce5000 103:05 6428464                   /usr/lib/jvm/java-8-openjdk-amd64/jre/lib/amd64/server/libjvm.so
7fa99e5c5000-7fa99e5f5000 rw-p 00000000 00:00 0 
7fa99e5f5000-7fa99e60d000 r-xp 00000000 103:05 266940                    /lib/x86_64-linux-gnu/libpthread-2.23.so
7fa99e60d000-7fa99e80c000 ---p 00018000 103:05 266940                    /lib/x86_64-linux-gnu/libpthread-2.23.so
7fa99e80c000-7fa99e80d000 r--p 00017000 103:05 266940                    /lib/x86_64-linux-gnu/libpthread-2.23.so
7fa99e80d000-7fa99e80e000 rw-p 00018000 103:05 266940                    /lib/x86_64-linux-gnu/libpthread-2.23.so
7fa99e80e000-7fa99e812000 rw-p 00000000 00:00 0 
7fa99e812000-7fa99e815000 r-xp 00000000 103:05 266943                    /lib/x86_64-linux-gnu/libdl-2.23.so
7fa99e815000-7fa99ea14000 ---p 00003000 103:05 266943                    /lib/x86_64-linux-gnu/libdl-2.23.so
7fa99ea14000-7fa99ea15000 r--p 00002000 103:05 266943                    /lib/x86_64-linux-gnu/libdl-2.23.so
7fa99ea15000-7fa99ea16000 rw-p 00003000 103:05 266943                    /lib/x86_64-linux-gnu/libdl-2.23.so
7fa99ea16000-7fa99ea2f000 r-xp 00000000 103:05 266830                    /lib/x86_64-linux-gnu/libz.so.1.2.8
7fa99ea2f000-7fa99ec2e000 ---p 00019000 103:05 266830                    /lib/x86_64-linux-gnu/libz.so.1.2.8
7fa99ec2e000-7fa99ec2f000 r--p 00018000 103:05 266830                    /lib/x86_64-linux-gnu/libz.so.1.2.8
7fa99ec2f000-7fa99ec30000 rw-p 00019000 103:05 266830                    /lib/x86_64-linux-gnu/libz.so.1.2.8
7fa99ec30000-7fa99edf0000 r-xp 00000000 103:05 266941                    /lib/x86_64-linux-gnu/libc-2.23.so
7fa99edf0000-7fa99eff0000 ---p 001c0000 103:05 266941                    /lib/x86_64-linux-gnu/libc-2.23.so
7fa99eff0000-7fa99eff4000 r--p 001c0000 103:05 266941                    /lib/x86_64-linux-gnu/libc-2.23.so
7fa99eff4000-7fa99eff6000 rw-p 001c4000 103:05 266941                    /lib/x86_64-linux-gnu/libc-2.23.so
7fa99eff6000-7fa99effa000 rw-p 00000000 00:00 0 
7fa99effa000-7fa99f007000 r-xp 00000000 103:05 6559659                   /usr/lib/jvm/java-8-openjdk-amd64/jre/lib/amd64/jli/libjli.so
7fa99f007000-7fa99f207000 ---p 0000d000 103:05 6559659                   /usr/lib/jvm/java-8-openjdk-amd64/jre/lib/amd64/jli/libjli.so
7fa99f207000-7fa99f208000 r--p 0000d000 103:05 6559659                   /usr/lib/jvm/java-8-openjdk-amd64/jre/lib/amd64/jli/libjli.so
7fa99f208000-7fa99f209000 rw-p 0000e000 103:05 6559659                   /usr/lib/jvm/java-8-openjdk-amd64/jre/lib/amd64/jli/libjli.so
7fa99f209000-7fa99f22f000 r-xp 00000000 103:05 266761                    /lib/x86_64-linux-gnu/ld-2.23.so
7fa99f230000-7fa99f232000 r--s 00001000 103:05 5665060                   /usr/lib/jvm/java-8-openjdk-amd64/jre/lib/ext/dnsns.jar
7fa99f232000-7fa99f238000 r--s 0003a000 103:05 5665055                   /usr/lib/jvm/java-8-openjdk-amd64/jre/lib/ext/sunjce_provider.jar
7fa99f238000-7fa99f309000 rw-p 00000000 00:00 0 
7fa99f309000-7fa99f30c000 ---p 00000000 00:00 0 
7fa99f30c000-7fa99f40e000 rw-p 00000000 00:00 0 
7fa99f40e000-7fa99f40f000 r--s 0000a000 103:05 5665059                   /usr/lib/jvm/java-8-openjdk-amd64/jre/lib/ext/jaccess.jar
7fa99f40f000-7fa99f412000 r--s 0000f000 103:05 5665051                   /usr/lib/jvm/java-8-openjdk-amd64/jre/lib/ext/icedtea-sound.jar
7fa99f412000-7fa99f416000 r--s 00037000 103:05 5665058                   /usr/lib/jvm/java-8-openjdk-amd64/jre/lib/ext/sunpkcs11.jar
7fa99f416000-7fa99f420000 r--s 00116000 103:05 5665057                   /usr/lib/jvm/java-8-openjdk-amd64/jre/lib/ext/localedata.jar
7fa99f420000-7fa99f421000 r--s 00010000 103:05 5665053                   /usr/lib/jvm/java-8-openjdk-amd64/jre/lib/ext/zipfs.jar
7fa99f421000-7fa99f423000 r--s 00008000 103:05 5665056                   /usr/lib/jvm/java-8-openjdk-amd64/jre/lib/ext/sunec.jar
7fa99f423000-7fa99f42b000 rw-s 00000000 103:05 9443468                   /tmp/hsperfdata_antsax/27224
7fa99f42b000-7fa99f42c000 rw-p 00000000 00:00 0 
7fa99f42c000-7fa99f42d000 ---p 00000000 00:00 0 
7fa99f42d000-7fa99f42e000 rw-p 00000000 00:00 0 
7fa99f42e000-7fa99f42f000 r--p 00025000 103:05 266761                    /lib/x86_64-linux-gnu/ld-2.23.so
7fa99f42f000-7fa99f430000 rw-p 00026000 103:05 266761                    /lib/x86_64-linux-gnu/ld-2.23.so
7fa99f430000-7fa99f431000 rw-p 00000000 00:00 0 
7ffc05ec1000-7ffc05ee2000 rw-p 00000000 00:00 0                          [stack]
7ffc05f49000-7ffc05f4b000 r--p 00000000 00:00 0                          [vvar]
7ffc05f4b000-7ffc05f4d000 r-xp 00000000 00:00 0                          [vdso]
ffffffffff600000-ffffffffff601000 r-xp 00000000 00:00 0                  [vsyscall]

VM Arguments:
java_command: game.Main
java_class_path (initial): /home/antsax/Desktop/MinesweeperSolver/MinesweeperSolver/target/classes
Launcher Type: SUN_STANDARD

Environment Variables:
JAVA_HOME=/usr/lib/jvm/java-8-openjdk-amd64
PATH=/home/antsax/bin:/home/antsax/.local/bin:/usr/local/sbin:/usr/local/bin:/usr/sbin:/usr/bin:/sbin:/bin:/usr/games:/usr/local/games:/snap/bin
LD_LIBRARY_PATH=/usr/lib/jvm/java-8-openjdk-amd64/bin/../jre/lib/amd64:/usr/lib/jvm/java-8-openjdk-amd64/bin/../jre/lib/i386:
SHELL=/bin/bash
DISPLAY=:0

Signal Handlers:
SIGSEGV: [libjvm.so+0xa69040], sa_mask[0]=11111111011111111101111111111110, sa_flags=SA_RESTART|SA_SIGINFO
SIGBUS: [libjvm.so+0xa69040], sa_mask[0]=11111111011111111101111111111110, sa_flags=SA_RESTART|SA_SIGINFO
SIGFPE: [libjvm.so+0x8b2170], sa_mask[0]=11111111011111111101111111111110, sa_flags=SA_RESTART|SA_SIGINFO
SIGPIPE: [libjvm.so+0x8b2170], sa_mask[0]=11111111011111111101111111111110, sa_flags=SA_RESTART|SA_SIGINFO
SIGXFSZ: [libjvm.so+0x8b2170], sa_mask[0]=11111111011111111101111111111110, sa_flags=SA_RESTART|SA_SIGINFO
SIGILL: [libjvm.so+0x8b2170], sa_mask[0]=11111111011111111101111111111110, sa_flags=SA_RESTART|SA_SIGINFO
SIGUSR1: SIG_DFL, sa_mask[0]=00000000000000000000000000000000, sa_flags=none
SIGUSR2: [libjvm.so+0x8b2020], sa_mask[0]=00100000000000000000000000000000, sa_flags=SA_RESTART|SA_SIGINFO
SIGHUP: [libjvm.so+0x8b24f0], sa_mask[0]=11111111011111111101111111111110, sa_flags=SA_RESTART|SA_SIGINFO
SIGINT: SIG_IGN, sa_mask[0]=00000000000000000000000000000000, sa_flags=none
SIGTERM: [libjvm.so+0x8b24f0], sa_mask[0]=11111111011111111101111111111110, sa_flags=SA_RESTART|SA_SIGINFO
SIGQUIT: [libjvm.so+0x8b24f0], sa_mask[0]=11111111011111111101111111111110, sa_flags=SA_RESTART|SA_SIGINFO


---------------  S Y S T E M  ---------------

OS:DISTRIB_ID=LinuxMint
DISTRIB_RELEASE=18.3
DISTRIB_CODENAME=sylvia
DISTRIB_DESCRIPTION="Linux Mint 18.3 Sylvia"

uname:Linux 4.10.0-38-generic #42~16.04.1-Ubuntu SMP Tue Oct 10 16:32:20 UTC 2017 x86_64
libc:glibc 2.23 NPTL 2.23 
rlimit: STACK 8192k, CORE 0k, NPROC 63236, NOFILE 1048576, AS infinity
load average:5,93 4,06 2,08

/proc/meminfo:
MemTotal:       16311904 kB
MemFree:          160336 kB
MemAvailable:      55612 kB
Buffers:            1056 kB
Cached:           585044 kB
SwapCached:            0 kB
Active:         15347204 kB
Inactive:         509760 kB
Active(anon):   15300920 kB
Inactive(anon):   463468 kB
Active(file):      46284 kB
Inactive(file):    46292 kB
Unevictable:         280 kB
Mlocked:             280 kB
SwapTotal:             0 kB
SwapFree:              0 kB
Dirty:                 0 kB
Writeback:             0 kB
AnonPages:      15271436 kB
Mapped:           285552 kB
Shmem:            493212 kB
Slab:              98028 kB
SReclaimable:      44572 kB
SUnreclaim:        53456 kB
KernelStack:       16416 kB
PageTables:        80448 kB
NFS_Unstable:          0 kB
Bounce:                0 kB
WritebackTmp:          0 kB
CommitLimit:     8155952 kB
Committed_AS:   26444724 kB
VmallocTotal:   34359738367 kB
VmallocUsed:           0 kB
VmallocChunk:          0 kB
HardwareCorrupted:     0 kB
AnonHugePages:   9762816 kB
ShmemHugePages:        0 kB
ShmemPmdMapped:        0 kB
CmaTotal:              0 kB
CmaFree:               0 kB
HugePages_Total:       0
HugePages_Free:        0
HugePages_Rsvd:        0
HugePages_Surp:        0
Hugepagesize:       2048 kB
DirectMap4k:      206260 kB
DirectMap2M:    10162176 kB
DirectMap1G:     6291456 kB


CPU:total 4 (initial active 4) (2 cores per cpu, 2 threads per core) family 6 model 142 stepping 9, cmov, cx8, fxsr, mmx, sse, sse2, sse3, ssse3, sse4.1, sse4.2, popcnt, avx, avx2, aes, clmul, erms, 3dnowpref, lzcnt, ht, tsc, tscinvbit, bmi1, bmi2, adx

/proc/cpuinfo:
processor	: 0
vendor_id	: GenuineIntel
cpu family	: 6
model		: 142
model name	: Intel(R) Core(TM) i7-7560U CPU @ 2.40GHz
stepping	: 9
microcode	: 0x48
cpu MHz		: 2599.951
cache size	: 4096 KB
physical id	: 0
siblings	: 4
core id		: 0
cpu cores	: 2
apicid		: 0
initial apicid	: 0
fpu		: yes
fpu_exception	: yes
cpuid level	: 22
wp		: yes
flags		: fpu vme de pse tsc msr pae mce cx8 apic sep mtrr pge mca cmov pat pse36 clflush dts acpi mmx fxsr sse sse2 ss ht tm pbe syscall nx pdpe1gb rdtscp lm constant_tsc art arch_perfmon pebs bts rep_good nopl xtopology nonstop_tsc aperfmperf tsc_known_freq pni pclmulqdq dtes64 monitor ds_cpl vmx est tm2 ssse3 sdbg fma cx16 xtpr pdcm pcid sse4_1 sse4_2 x2apic movbe popcnt tsc_deadline_timer aes xsave avx f16c rdrand lahf_lm abm 3dnowprefetch epb intel_pt tpr_shadow vnmi flexpriority ept vpid fsgsbase tsc_adjust bmi1 avx2 smep bmi2 erms invpcid mpx rdseed adx smap clflushopt xsaveopt xsavec xgetbv1 xsaves dtherm ida arat pln pts hwp hwp_notify hwp_act_window hwp_epp
bugs		:
bogomips	: 4800.00
clflush size	: 64
cache_alignment	: 64
address sizes	: 39 bits physical, 48 bits virtual
power management:

processor	: 1
vendor_id	: GenuineIntel
cpu family	: 6
model		: 142
model name	: Intel(R) Core(TM) i7-7560U CPU @ 2.40GHz
stepping	: 9
microcode	: 0x48
cpu MHz		: 2599.951
cache size	: 4096 KB
physical id	: 0
siblings	: 4
core id		: 1
cpu cores	: 2
apicid		: 2
initial apicid	: 2
fpu		: yes
fpu_exception	: yes
cpuid level	: 22
wp		: yes
flags		: fpu vme de pse tsc msr pae mce cx8 apic sep mtrr pge mca cmov pat pse36 clflush dts acpi mmx fxsr sse sse2 ss ht tm pbe syscall nx pdpe1gb rdtscp lm constant_tsc art arch_perfmon pebs bts rep_good nopl xtopology nonstop_tsc aperfmperf tsc_known_freq pni pclmulqdq dtes64 monitor ds_cpl vmx est tm2 ssse3 sdbg fma cx16 xtpr pdcm pcid sse4_1 sse4_2 x2apic movbe popcnt tsc_deadline_timer aes xsave avx f16c rdrand lahf_lm abm 3dnowprefetch epb intel_pt tpr_shadow vnmi flexpriority ept vpid fsgsbase tsc_adjust bmi1 avx2 smep bmi2 erms invpcid mpx rdseed adx smap clflushopt xsaveopt xsavec xgetbv1 xsaves dtherm ida arat pln pts hwp hwp_notify hwp_act_window hwp_epp
bugs		:
bogomips	: 4800.00
clflush size	: 64
cache_alignment	: 64
address sizes	: 39 bits physical, 48 bits virtual
power management:

processor	: 2
vendor_id	: GenuineIntel
cpu family	: 6
model		: 142
model name	: Intel(R) Core(TM) i7-7560U CPU @ 2.40GHz
stepping	: 9
microcode	: 0x48
cpu MHz		: 2642.138
cache size	: 4096 KB
physical id	: 0
siblings	: 4
core id		: 0
cpu cores	: 2
apicid		: 1
initial apicid	: 1
fpu		: yes
fpu_exception	: yes
cpuid level	: 22
wp		: yes
flags		: fpu vme de pse tsc msr pae mce cx8 apic sep mtrr pge mca cmov pat pse36 clflush dts acpi mmx fxsr sse sse2 ss ht tm pbe syscall nx pdpe1gb rdtscp lm constant_tsc art arch_perfmon pebs bts rep_good nopl xtopology nonstop_tsc aperfmperf tsc_known_freq pni pclmulqdq dtes64 monitor ds_cpl vmx est tm2 ssse3 sdbg fma cx16 xtpr pdcm pcid sse4_1 sse4_2 x2apic movbe popcnt tsc_deadline_timer aes xsave avx f16c rdrand lahf_lm abm 3dnowprefetch epb intel_pt tpr_shadow vnmi flexpriority ept vpid fsgsbase tsc_adjust bmi1 avx2 smep bmi2 erms invpcid mpx rdseed adx smap clflushopt xsaveopt xsavec xgetbv1 xsaves dtherm ida arat pln pts hwp hwp_notify hwp_act_window hwp_epp
bugs		:
bogomips	: 4800.00
clflush size	: 64
cache_alignment	: 64
address sizes	: 39 bits physical, 48 bits virtual
power management:

processor	: 3
vendor_id	: GenuineIntel
cpu family	: 6
model		: 142
model name	: Intel(R) Core(TM) i7-7560U CPU @ 2.40GHz
stepping	: 9
microcode	: 0x48
cpu MHz		: 2611.376
cache size	: 4096 KB
physical id	: 0
siblings	: 4
core id		: 1
cpu cores	: 2
apicid		: 3
initial apicid	: 3
fpu		: yes
fpu_exception	: yes
cpuid level	: 22
wp		: yes
flags		: fpu vme de pse tsc msr pae mce cx8 apic sep mtrr pge mca cmov pat pse36 clflush dts acpi mmx fxsr sse sse2 ss ht tm pbe syscall nx pdpe1gb rdtscp lm constant_tsc art arch_perfmon pebs bts rep_good nopl xtopology nonstop_tsc aperfmperf tsc_known_freq pni pclmulqdq dtes64 monitor ds_cpl vmx est tm2 ssse3 sdbg fma cx16 xtpr pdcm pcid sse4_1 sse4_2 x2apic movbe popcnt tsc_deadline_timer aes xsave avx f16c rdrand lahf_lm abm 3dnowprefetch epb intel_pt tpr_shadow vnmi flexpriority ept vpid fsgsbase tsc_adjust bmi1 avx2 smep bmi2 erms invpcid mpx rdseed adx smap clflushopt xsaveopt xsavec xgetbv1 xsaves dtherm ida arat pln pts hwp hwp_notify hwp_act_window hwp_epp
bugs		:
bogomips	: 4800.00
clflush size	: 64
cache_alignment	: 64
address sizes	: 39 bits physical, 48 bits virtual
power management:



Memory: 4k page, physical 16311904k(161120k free), swap 0k(0k free)

vm_info: OpenJDK 64-Bit Server VM (25.151-b12) for linux-amd64 JRE (1.8.0_151-8u151-b12-0ubuntu0.16.04.2-b12), built on Oct 27 2017 21:59:02 by "buildd" with gcc 5.4.0 20160609

time: Fri Mar  8 21:40:58 2019
elapsed time: 8 seconds (0d 0h 0m 8s)

